{
  date: '06-09-2023 15:18',
  module: 'Server',
  level: 'error',
  message: 'User not found',
  stack: 'Error: User not found\n' +
    '    at Index (D:\\DEV\\projek-api\\fish\\app\\controller\\user.js:65:42)\n' +
    '    at process.processTicksAndRejections (node:internal/process/task_queues:95:5)'
}
{
  date: '06-09-2023 15:18',
  module: 'Server',
  level: 'error',
  message: 'User not found',
  stack: 'Error: User not found\n' +
    '    at Index (D:\\DEV\\projek-api\\fish\\app\\controller\\user.js:65:42)\n' +
    '    at process.processTicksAndRejections (node:internal/process/task_queues:95:5)'
}
{
  date: '07-09-2023 09:24',
  module: 'Server',
  level: 'error',
  message: 'User not found',
  stack: 'Error: User not found\n' +
    '    at Index (D:\\DEV\\projek-api\\fish\\app\\controller\\user.js:65:42)\n' +
    '    at process.processTicksAndRejections (node:internal/process/task_queues:95:5)'
}
{
  date: '07-09-2023 09:31',
  module: 'Server',
  level: 'error',
  message: 'bcyrpt is not defined',
  stack: 'ReferenceError: bcyrpt is not defined\n' +
    '    at model.<anonymous> (D:\\DEV\\projek-api\\fish\\app\\model\\user.js:28:31)\n' +
    '    at callMiddlewareFunction (D:\\DEV\\projek-api\\fish\\node_modules\\kareem\\index.js:628:27)\n' +
    '    at model.next (D:\\DEV\\projek-api\\fish\\node_modules\\kareem\\index.js:93:7)\n' +
    '    at _next (D:\\DEV\\projek-api\\fish\\node_modules\\kareem\\index.js:146:10)\n' +
    '    at D:\\DEV\\projek-api\\fish\\node_modules\\kareem\\index.js:653:30\n' +
    '    at process.processTicksAndRejections (node:internal/process/task_queues:77:11)'
}
{
  date: '07-09-2023 09:37',
  module: 'Server',
  level: 'error',
  message: 'User not found',
  stack: 'Error: User not found\n' +
    '    at FindById (D:\\DEV\\projek-api\\fish\\app\\controller\\user.js:84:42)\n' +
    '    at process.processTicksAndRejections (node:internal/process/task_queues:95:5)'
}
{
  date: '07-09-2023 09:46',
  module: 'Server',
  level: 'error',
  message: 'forbidden',
  stack: 'Error: forbidden\n' +
    '    at verifyToken (D:\\DEV\\projek-api\\fish\\app\\passports\\jwt.js:11:42)\n' +
    '    at Layer.handle [as handle_request] (D:\\DEV\\projek-api\\fish\\node_modules\\express\\lib\\router\\layer.js:95:5)\n' +
    '    at trim_prefix (D:\\DEV\\projek-api\\fish\\node_modules\\express\\lib\\router\\index.js:317:13)\n' +
    '    at D:\\DEV\\projek-api\\fish\\node_modules\\express\\lib\\router\\index.js:284:7\n' +
    '    at Function.process_params (D:\\DEV\\projek-api\\fish\\node_modules\\express\\lib\\router\\index.js:335:12)\n' +
    '    at next (D:\\DEV\\projek-api\\fish\\node_modules\\express\\lib\\router\\index.js:275:10)\n' +
    '    at Function.handle (D:\\DEV\\projek-api\\fish\\node_modules\\express\\lib\\router\\index.js:174:3)\n' +
    '    at router (D:\\DEV\\projek-api\\fish\\node_modules\\express\\lib\\router\\index.js:47:12)\n' +
    '    at Layer.handle [as handle_request] (D:\\DEV\\projek-api\\fish\\node_modules\\express\\lib\\router\\layer.js:95:5)\n' +
    '    at trim_prefix (D:\\DEV\\projek-api\\fish\\node_modules\\express\\lib\\router\\index.js:317:13)'
}
{
  date: '07-09-2023 09:46',
  module: 'Server',
  level: 'error',
  message: 'forbidden',
  stack: 'Error: forbidden\n' +
    '    at verifyToken (D:\\DEV\\projek-api\\fish\\app\\passports\\jwt.js:11:42)\n' +
    '    at Layer.handle [as handle_request] (D:\\DEV\\projek-api\\fish\\node_modules\\express\\lib\\router\\layer.js:95:5)\n' +
    '    at trim_prefix (D:\\DEV\\projek-api\\fish\\node_modules\\express\\lib\\router\\index.js:317:13)\n' +
    '    at D:\\DEV\\projek-api\\fish\\node_modules\\express\\lib\\router\\index.js:284:7\n' +
    '    at Function.process_params (D:\\DEV\\projek-api\\fish\\node_modules\\express\\lib\\router\\index.js:335:12)\n' +
    '    at next (D:\\DEV\\projek-api\\fish\\node_modules\\express\\lib\\router\\index.js:275:10)\n' +
    '    at Function.handle (D:\\DEV\\projek-api\\fish\\node_modules\\express\\lib\\router\\index.js:174:3)\n' +
    '    at router (D:\\DEV\\projek-api\\fish\\node_modules\\express\\lib\\router\\index.js:47:12)\n' +
    '    at Layer.handle [as handle_request] (D:\\DEV\\projek-api\\fish\\node_modules\\express\\lib\\router\\layer.js:95:5)\n' +
    '    at trim_prefix (D:\\DEV\\projek-api\\fish\\node_modules\\express\\lib\\router\\index.js:317:13)'
}
{
  date: '07-09-2023 09:47',
  module: 'Server',
  level: 'error',
  message: 'forbidden',
  stack: 'Error: forbidden\n' +
    '    at verifyToken (D:\\DEV\\projek-api\\fish\\app\\passports\\jwt.js:11:42)\n' +
    '    at Layer.handle [as handle_request] (D:\\DEV\\projek-api\\fish\\node_modules\\express\\lib\\router\\layer.js:95:5)\n' +
    '    at trim_prefix (D:\\DEV\\projek-api\\fish\\node_modules\\express\\lib\\router\\index.js:317:13)\n' +
    '    at D:\\DEV\\projek-api\\fish\\node_modules\\express\\lib\\router\\index.js:284:7\n' +
    '    at Function.process_params (D:\\DEV\\projek-api\\fish\\node_modules\\express\\lib\\router\\index.js:335:12)\n' +
    '    at next (D:\\DEV\\projek-api\\fish\\node_modules\\express\\lib\\router\\index.js:275:10)\n' +
    '    at Function.handle (D:\\DEV\\projek-api\\fish\\node_modules\\express\\lib\\router\\index.js:174:3)\n' +
    '    at router (D:\\DEV\\projek-api\\fish\\node_modules\\express\\lib\\router\\index.js:47:12)\n' +
    '    at Layer.handle [as handle_request] (D:\\DEV\\projek-api\\fish\\node_modules\\express\\lib\\router\\layer.js:95:5)\n' +
    '    at trim_prefix (D:\\DEV\\projek-api\\fish\\node_modules\\express\\lib\\router\\index.js:317:13)'
}
{
  date: '07-09-2023 09:53',
  module: 'Server',
  level: 'error',
  message: 'forbidden',
  stack: 'Error: forbidden\n' +
    '    at verifyToken (D:\\DEV\\projek-api\\fish\\app\\passports\\jwt.js:11:42)\n' +
    '    at Layer.handle [as handle_request] (D:\\DEV\\projek-api\\fish\\node_modules\\express\\lib\\router\\layer.js:95:5)\n' +
    '    at trim_prefix (D:\\DEV\\projek-api\\fish\\node_modules\\express\\lib\\router\\index.js:317:13)\n' +
    '    at D:\\DEV\\projek-api\\fish\\node_modules\\express\\lib\\router\\index.js:284:7\n' +
    '    at Function.process_params (D:\\DEV\\projek-api\\fish\\node_modules\\express\\lib\\router\\index.js:335:12)\n' +
    '    at next (D:\\DEV\\projek-api\\fish\\node_modules\\express\\lib\\router\\index.js:275:10)\n' +
    '    at Function.handle (D:\\DEV\\projek-api\\fish\\node_modules\\express\\lib\\router\\index.js:174:3)\n' +
    '    at router (D:\\DEV\\projek-api\\fish\\node_modules\\express\\lib\\router\\index.js:47:12)\n' +
    '    at Layer.handle [as handle_request] (D:\\DEV\\projek-api\\fish\\node_modules\\express\\lib\\router\\layer.js:95:5)\n' +
    '    at trim_prefix (D:\\DEV\\projek-api\\fish\\node_modules\\express\\lib\\router\\index.js:317:13)'
}
{
  date: '07-09-2023 09:54',
  module: 'Server',
  level: 'error',
  message: 'createJWT is not defined',
  stack: 'ReferenceError: createJWT is not defined\n' +
    '    at login (D:\\DEV\\projek-api\\fish\\app\\controller\\user.js:28:23)\n' +
    '    at process.processTicksAndRejections (node:internal/process/task_queues:95:5)'
}
{
  date: '07-09-2023 09:55',
  module: 'Server',
  level: 'error',
  message: 'createJWT is not defined',
  stack: 'ReferenceError: createJWT is not defined\n' +
    '    at login (D:\\DEV\\projek-api\\fish\\app\\controller\\user.js:28:23)\n' +
    '    at process.processTicksAndRejections (node:internal/process/task_queues:95:5)'
}
{
  date: '07-09-2023 09:55',
  module: 'Server',
  level: 'error',
  message: 'createJWT is not defined',
  stack: 'ReferenceError: createJWT is not defined\n' +
    '    at login (D:\\DEV\\projek-api\\fish\\app\\controller\\user.js:28:23)\n' +
    '    at process.processTicksAndRejections (node:internal/process/task_queues:95:5)'
}
{
  date: '07-09-2023 10:11',
  module: 'Server',
  level: 'error',
  message: 'forbidden',
  stack: 'Error: forbidden\n' +
    '    at verifyToken (D:\\DEV\\projek-api\\fish\\app\\passports\\jwt.js:11:42)\n' +
    '    at Layer.handle [as handle_request] (D:\\DEV\\projek-api\\fish\\node_modules\\express\\lib\\router\\layer.js:95:5)\n' +
    '    at trim_prefix (D:\\DEV\\projek-api\\fish\\node_modules\\express\\lib\\router\\index.js:317:13)\n' +
    '    at D:\\DEV\\projek-api\\fish\\node_modules\\express\\lib\\router\\index.js:284:7\n' +
    '    at Function.process_params (D:\\DEV\\projek-api\\fish\\node_modules\\express\\lib\\router\\index.js:335:12)\n' +
    '    at next (D:\\DEV\\projek-api\\fish\\node_modules\\express\\lib\\router\\index.js:275:10)\n' +
    '    at Function.handle (D:\\DEV\\projek-api\\fish\\node_modules\\express\\lib\\router\\index.js:174:3)\n' +
    '    at router (D:\\DEV\\projek-api\\fish\\node_modules\\express\\lib\\router\\index.js:47:12)\n' +
    '    at Layer.handle [as handle_request] (D:\\DEV\\projek-api\\fish\\node_modules\\express\\lib\\router\\layer.js:95:5)\n' +
    '    at trim_prefix (D:\\DEV\\projek-api\\fish\\node_modules\\express\\lib\\router\\index.js:317:13)'
}
{
  date: '07-09-2023 10:37',
  module: 'Server',
  level: 'error',
  message: 'forbidden',
  stack: 'Error: forbidden\n' +
    '    at verifyToken (D:\\DEV\\projek-api\\fish\\app\\passports\\jwt.js:11:42)\n' +
    '    at Layer.handle [as handle_request] (D:\\DEV\\projek-api\\fish\\node_modules\\express\\lib\\router\\layer.js:95:5)\n' +
    '    at trim_prefix (D:\\DEV\\projek-api\\fish\\node_modules\\express\\lib\\router\\index.js:317:13)\n' +
    '    at D:\\DEV\\projek-api\\fish\\node_modules\\express\\lib\\router\\index.js:284:7\n' +
    '    at Function.process_params (D:\\DEV\\projek-api\\fish\\node_modules\\express\\lib\\router\\index.js:335:12)\n' +
    '    at next (D:\\DEV\\projek-api\\fish\\node_modules\\express\\lib\\router\\index.js:275:10)\n' +
    '    at Function.handle (D:\\DEV\\projek-api\\fish\\node_modules\\express\\lib\\router\\index.js:174:3)\n' +
    '    at router (D:\\DEV\\projek-api\\fish\\node_modules\\express\\lib\\router\\index.js:47:12)\n' +
    '    at Layer.handle [as handle_request] (D:\\DEV\\projek-api\\fish\\node_modules\\express\\lib\\router\\layer.js:95:5)\n' +
    '    at trim_prefix (D:\\DEV\\projek-api\\fish\\node_modules\\express\\lib\\router\\index.js:317:13)'
}
{
  date: '07-09-2023 10:40',
  module: 'Server',
  level: 'error',
  message: 'User already registered',
  stack: 'Error: User already registered\n' +
    '    at register (D:\\DEV\\projek-api\\fish\\app\\controller\\user.js:50:44)\n' +
    '    at process.processTicksAndRejections (node:internal/process/task_queues:95:5)'
}
{
  date: '07-09-2023 10:58',
  module: 'Server',
  level: 'error',
  message: 'forbidden',
  stack: 'Error: forbidden\n' +
    '    at verifyToken (D:\\DEV\\projek-api\\fish\\app\\passports\\jwt.js:11:42)\n' +
    '    at Layer.handle [as handle_request] (D:\\DEV\\projek-api\\fish\\node_modules\\express\\lib\\router\\layer.js:95:5)\n' +
    '    at trim_prefix (D:\\DEV\\projek-api\\fish\\node_modules\\express\\lib\\router\\index.js:317:13)\n' +
    '    at D:\\DEV\\projek-api\\fish\\node_modules\\express\\lib\\router\\index.js:284:7\n' +
    '    at Function.process_params (D:\\DEV\\projek-api\\fish\\node_modules\\express\\lib\\router\\index.js:335:12)\n' +
    '    at next (D:\\DEV\\projek-api\\fish\\node_modules\\express\\lib\\router\\index.js:275:10)\n' +
    '    at Function.handle (D:\\DEV\\projek-api\\fish\\node_modules\\express\\lib\\router\\index.js:174:3)\n' +
    '    at router (D:\\DEV\\projek-api\\fish\\node_modules\\express\\lib\\router\\index.js:47:12)\n' +
    '    at Layer.handle [as handle_request] (D:\\DEV\\projek-api\\fish\\node_modules\\express\\lib\\router\\layer.js:95:5)\n' +
    '    at trim_prefix (D:\\DEV\\projek-api\\fish\\node_modules\\express\\lib\\router\\index.js:317:13)'
}
{
  date: '07-09-2023 10:58',
  module: 'Server',
  level: 'error',
  message: 'forbidden',
  stack: 'Error: forbidden\n' +
    '    at verifyToken (D:\\DEV\\projek-api\\fish\\app\\passports\\jwt.js:11:42)\n' +
    '    at Layer.handle [as handle_request] (D:\\DEV\\projek-api\\fish\\node_modules\\express\\lib\\router\\layer.js:95:5)\n' +
    '    at trim_prefix (D:\\DEV\\projek-api\\fish\\node_modules\\express\\lib\\router\\index.js:317:13)\n' +
    '    at D:\\DEV\\projek-api\\fish\\node_modules\\express\\lib\\router\\index.js:284:7\n' +
    '    at Function.process_params (D:\\DEV\\projek-api\\fish\\node_modules\\express\\lib\\router\\index.js:335:12)\n' +
    '    at next (D:\\DEV\\projek-api\\fish\\node_modules\\express\\lib\\router\\index.js:275:10)\n' +
    '    at Function.handle (D:\\DEV\\projek-api\\fish\\node_modules\\express\\lib\\router\\index.js:174:3)\n' +
    '    at router (D:\\DEV\\projek-api\\fish\\node_modules\\express\\lib\\router\\index.js:47:12)\n' +
    '    at Layer.handle [as handle_request] (D:\\DEV\\projek-api\\fish\\node_modules\\express\\lib\\router\\layer.js:95:5)\n' +
    '    at trim_prefix (D:\\DEV\\projek-api\\fish\\node_modules\\express\\lib\\router\\index.js:317:13)'
}
{
  date: '07-09-2023 10:58',
  module: 'Server',
  level: 'error',
  message: 'forbidden',
  stack: 'Error: forbidden\n' +
    '    at verifyToken (D:\\DEV\\projek-api\\fish\\app\\passports\\jwt.js:11:42)\n' +
    '    at Layer.handle [as handle_request] (D:\\DEV\\projek-api\\fish\\node_modules\\express\\lib\\router\\layer.js:95:5)\n' +
    '    at trim_prefix (D:\\DEV\\projek-api\\fish\\node_modules\\express\\lib\\router\\index.js:317:13)\n' +
    '    at D:\\DEV\\projek-api\\fish\\node_modules\\express\\lib\\router\\index.js:284:7\n' +
    '    at Function.process_params (D:\\DEV\\projek-api\\fish\\node_modules\\express\\lib\\router\\index.js:335:12)\n' +
    '    at next (D:\\DEV\\projek-api\\fish\\node_modules\\express\\lib\\router\\index.js:275:10)\n' +
    '    at Function.handle (D:\\DEV\\projek-api\\fish\\node_modules\\express\\lib\\router\\index.js:174:3)\n' +
    '    at router (D:\\DEV\\projek-api\\fish\\node_modules\\express\\lib\\router\\index.js:47:12)\n' +
    '    at Layer.handle [as handle_request] (D:\\DEV\\projek-api\\fish\\node_modules\\express\\lib\\router\\layer.js:95:5)\n' +
    '    at trim_prefix (D:\\DEV\\projek-api\\fish\\node_modules\\express\\lib\\router\\index.js:317:13)'
}
{
  date: '07-09-2023 10:58',
  module: 'Server',
  level: 'error',
  message: 'Username already exist',
  stack: 'Error: Username already exist\n' +
    '    at Update (D:\\DEV\\projek-api\\fish\\app\\controller\\user.js:112:44)\n' +
    '    at process.processTicksAndRejections (node:internal/process/task_queues:95:5)'
}
{
  date: '07-09-2023 10:59',
  module: 'Server',
  level: 'error',
  message: 'Parameter "filter" to findOne() must be an object, got "fajarafrizal" (type string)',
  stack: 'ObjectParameterError: Parameter "filter" to findOne() must be an object, got "fajarafrizal" (type string)\n' +
    '    at Query.findOne (D:\\DEV\\projek-api\\fish\\node_modules\\mongoose\\lib\\query.js:2598:16)\n' +
    '    at Function.findOne (D:\\DEV\\projek-api\\fish\\node_modules\\mongoose\\lib\\model.js:2175:13)\n' +
    '    at Update (D:\\DEV\\projek-api\\fish\\app\\controller\\user.js:109:42)\n' +
    '    at process.processTicksAndRejections (node:internal/process/task_queues:95:5)'
}
{
  date: '07-09-2023 11:00',
  module: 'Server',
  level: 'error',
  message: 'Username already exist',
  stack: 'Error: Username already exist\n' +
    '    at Update (D:\\DEV\\projek-api\\fish\\app\\controller\\user.js:112:44)\n' +
    '    at process.processTicksAndRejections (node:internal/process/task_queues:95:5)'
}
{
  date: '07-09-2023 11:00',
  module: 'Server',
  level: 'error',
  message: 'Invalide credentials',
  stack: 'Error: Invalide credentials\n' +
    '    at login (D:\\DEV\\projek-api\\fish\\app\\controller\\user.js:17:45)\n' +
    '    at process.processTicksAndRejections (node:internal/process/task_queues:95:5)'
}
{
  date: '07-09-2023 11:01',
  module: 'Server',
  level: 'error',
  message: 'Username already exist',
  stack: 'Error: Username already exist\n' +
    '    at Update (D:\\DEV\\projek-api\\fish\\app\\controller\\user.js:112:44)\n' +
    '    at process.processTicksAndRejections (node:internal/process/task_queues:95:5)'
}
{
  date: '07-09-2023 11:01',
  module: 'Server',
  level: 'error',
  message: 'User validation failed: name: Name cannot be null',
  stack: 'ValidationError: User validation failed: name: Name cannot be null\n' +
    '    at Document.invalidate (D:\\DEV\\projek-api\\fish\\node_modules\\mongoose\\lib\\document.js:3162:32)\n' +
    '    at D:\\DEV\\projek-api\\fish\\node_modules\\mongoose\\lib\\document.js:2955:17\n' +
    '    at D:\\DEV\\projek-api\\fish\\node_modules\\mongoose\\lib\\schematype.js:1368:9\n' +
    '    at process.processTicksAndRejections (node:internal/process/task_queues:77:11)'
}
{
  date: '07-09-2023 11:04',
  module: 'Server',
  level: 'error',
  message: 'Username already exist',
  stack: 'Error: Username already exist\n' +
    '    at Update (D:\\DEV\\projek-api\\fish\\app\\controller\\user.js:112:44)\n' +
    '    at process.processTicksAndRejections (node:internal/process/task_queues:95:5)'
}
{
  date: '07-09-2023 11:05',
  module: 'Server',
  level: 'error',
  message: 'User validation failed: password: Password cannot be null',
  stack: 'ValidationError: User validation failed: password: Password cannot be null\n' +
    '    at Document.invalidate (D:\\DEV\\projek-api\\fish\\node_modules\\mongoose\\lib\\document.js:3162:32)\n' +
    '    at D:\\DEV\\projek-api\\fish\\node_modules\\mongoose\\lib\\document.js:2955:17\n' +
    '    at D:\\DEV\\projek-api\\fish\\node_modules\\mongoose\\lib\\schematype.js:1368:9\n' +
    '    at process.processTicksAndRejections (node:internal/process/task_queues:77:11)'
}
{
  date: '07-09-2023 11:11',
  module: 'Server',
  level: 'error',
  message: 'User already registered',
  stack: 'Error: User already registered\n' +
    '    at register (D:\\DEV\\projek-api\\fish\\app\\controller\\user.js:50:44)\n' +
    '    at process.processTicksAndRejections (node:internal/process/task_queues:95:5)'
}
{
  date: '07-09-2023 11:11',
  module: 'Server',
  level: 'error',
  message: 'Unexpected token } in JSON at position 76',
  stack: 'SyntaxError: Unexpected token } in JSON at position 76\n' +
    '    at JSON.parse (<anonymous>)\n' +
    '    at parse (D:\\DEV\\projek-api\\fish\\node_modules\\body-parser\\lib\\types\\json.js:89:19)\n' +
    '    at D:\\DEV\\projek-api\\fish\\node_modules\\body-parser\\lib\\read.js:121:18\n' +
    '    at invokeCallback (D:\\DEV\\projek-api\\fish\\node_modules\\raw-body\\index.js:224:16)\n' +
    '    at done (D:\\DEV\\projek-api\\fish\\node_modules\\raw-body\\index.js:213:7)\n' +
    '    at IncomingMessage.onEnd (D:\\DEV\\projek-api\\fish\\node_modules\\raw-body\\index.js:273:7)\n' +
    '    at IncomingMessage.emit (node:events:513:28)\n' +
    '    at endReadableNT (node:internal/streams/readable:1359:12)\n' +
    '    at process.processTicksAndRejections (node:internal/process/task_queues:82:21)'
}
{
  date: '07-09-2023 11:11',
  module: 'Server',
  level: 'error',
  message: 'User already registered',
  stack: 'Error: User already registered\n' +
    '    at register (D:\\DEV\\projek-api\\fish\\app\\controller\\user.js:50:44)\n' +
    '    at process.processTicksAndRejections (node:internal/process/task_queues:95:5)'
}
{
  date: '07-09-2023 11:12',
  module: 'Server',
  level: 'error',
  message: 'User validation failed: password: Password cannot be null',
  stack: 'ValidationError: User validation failed: password: Password cannot be null\n' +
    '    at Document.invalidate (D:\\DEV\\projek-api\\fish\\node_modules\\mongoose\\lib\\document.js:3162:32)\n' +
    '    at D:\\DEV\\projek-api\\fish\\node_modules\\mongoose\\lib\\document.js:2955:17\n' +
    '    at D:\\DEV\\projek-api\\fish\\node_modules\\mongoose\\lib\\schematype.js:1368:9\n' +
    '    at process.processTicksAndRejections (node:internal/process/task_queues:77:11)'
}
{
  date: '07-09-2023 11:13',
  module: 'Server',
  level: 'error',
  message: 'User validation failed: password: Password cannot be null',
  stack: 'ValidationError: User validation failed: password: Password cannot be null\n' +
    '    at Document.invalidate (D:\\DEV\\projek-api\\fish\\node_modules\\mongoose\\lib\\document.js:3162:32)\n' +
    '    at D:\\DEV\\projek-api\\fish\\node_modules\\mongoose\\lib\\document.js:2955:17\n' +
    '    at D:\\DEV\\projek-api\\fish\\node_modules\\mongoose\\lib\\schematype.js:1368:9\n' +
    '    at process.processTicksAndRejections (node:internal/process/task_queues:77:11)'
}
{
  date: '07-09-2023 11:13',
  module: 'Server',
  level: 'error',
  message: 'User validation failed: password: Password cannot be null',
  stack: 'ValidationError: User validation failed: password: Password cannot be null\n' +
    '    at Document.invalidate (D:\\DEV\\projek-api\\fish\\node_modules\\mongoose\\lib\\document.js:3162:32)\n' +
    '    at D:\\DEV\\projek-api\\fish\\node_modules\\mongoose\\lib\\document.js:2955:17\n' +
    '    at D:\\DEV\\projek-api\\fish\\node_modules\\mongoose\\lib\\schematype.js:1368:9\n' +
    '    at process.processTicksAndRejections (node:internal/process/task_queues:77:11)'
}
{
  date: '07-09-2023 11:13',
  module: 'Server',
  level: 'error',
  message: 'User validation failed: password: Password cannot be null',
  stack: 'ValidationError: User validation failed: password: Password cannot be null\n' +
    '    at Document.invalidate (D:\\DEV\\projek-api\\fish\\node_modules\\mongoose\\lib\\document.js:3162:32)\n' +
    '    at D:\\DEV\\projek-api\\fish\\node_modules\\mongoose\\lib\\document.js:2955:17\n' +
    '    at D:\\DEV\\projek-api\\fish\\node_modules\\mongoose\\lib\\schematype.js:1368:9\n' +
    '    at process.processTicksAndRejections (node:internal/process/task_queues:77:11)'
}
{
  date: '07-09-2023 11:16',
  module: 'Server',
  level: 'error',
  message: 'User validation failed: password: Password cannot be null',
  stack: 'ValidationError: User validation failed: password: Password cannot be null\n' +
    '    at Document.invalidate (D:\\DEV\\projek-api\\fish\\node_modules\\mongoose\\lib\\document.js:3162:32)\n' +
    '    at D:\\DEV\\projek-api\\fish\\node_modules\\mongoose\\lib\\document.js:2955:17\n' +
    '    at D:\\DEV\\projek-api\\fish\\node_modules\\mongoose\\lib\\schematype.js:1368:9\n' +
    '    at process.processTicksAndRejections (node:internal/process/task_queues:77:11)'
}
{
  date: '07-09-2023 11:16',
  module: 'Server',
  level: 'error',
  message: 'User validation failed: password: Password cannot be null',
  stack: 'ValidationError: User validation failed: password: Password cannot be null\n' +
    '    at Document.invalidate (D:\\DEV\\projek-api\\fish\\node_modules\\mongoose\\lib\\document.js:3162:32)\n' +
    '    at D:\\DEV\\projek-api\\fish\\node_modules\\mongoose\\lib\\document.js:2955:17\n' +
    '    at D:\\DEV\\projek-api\\fish\\node_modules\\mongoose\\lib\\schematype.js:1368:9\n' +
    '    at process.processTicksAndRejections (node:internal/process/task_queues:77:11)'
}
{
  date: '07-09-2023 11:18',
  module: 'Server',
  level: 'error',
  message: 'User validation failed: password: Path `password` is required.',
  stack: 'ValidationError: User validation failed: password: Path `password` is required.\n' +
    '    at Document.invalidate (D:\\DEV\\projek-api\\fish\\node_modules\\mongoose\\lib\\document.js:3162:32)\n' +
    '    at D:\\DEV\\projek-api\\fish\\node_modules\\mongoose\\lib\\document.js:2955:17\n' +
    '    at D:\\DEV\\projek-api\\fish\\node_modules\\mongoose\\lib\\schematype.js:1368:9\n' +
    '    at process.processTicksAndRejections (node:internal/process/task_queues:77:11)'
}
{
  date: '07-09-2023 11:18',
  module: 'Server',
  level: 'error',
  message: 'User validation failed: password: Path `password` is required.',
  stack: 'ValidationError: User validation failed: password: Path `password` is required.\n' +
    '    at Document.invalidate (D:\\DEV\\projek-api\\fish\\node_modules\\mongoose\\lib\\document.js:3162:32)\n' +
    '    at D:\\DEV\\projek-api\\fish\\node_modules\\mongoose\\lib\\document.js:2955:17\n' +
    '    at D:\\DEV\\projek-api\\fish\\node_modules\\mongoose\\lib\\schematype.js:1368:9\n' +
    '    at process.processTicksAndRejections (node:internal/process/task_queues:77:11)'
}
{
  date: '07-09-2023 11:18',
  module: 'Server',
  level: 'error',
  message: 'User validation failed: password: Path `password` is required.',
  stack: 'ValidationError: User validation failed: password: Path `password` is required.\n' +
    '    at Document.invalidate (D:\\DEV\\projek-api\\fish\\node_modules\\mongoose\\lib\\document.js:3162:32)\n' +
    '    at D:\\DEV\\projek-api\\fish\\node_modules\\mongoose\\lib\\document.js:2955:17\n' +
    '    at D:\\DEV\\projek-api\\fish\\node_modules\\mongoose\\lib\\schematype.js:1368:9\n' +
    '    at process.processTicksAndRejections (node:internal/process/task_queues:77:11)'
}
{
  date: '07-09-2023 11:18',
  module: 'Server',
  level: 'error',
  message: 'User validation failed: password: Path `password` is required.',
  stack: 'ValidationError: User validation failed: password: Path `password` is required.\n' +
    '    at Document.invalidate (D:\\DEV\\projek-api\\fish\\node_modules\\mongoose\\lib\\document.js:3162:32)\n' +
    '    at D:\\DEV\\projek-api\\fish\\node_modules\\mongoose\\lib\\document.js:2955:17\n' +
    '    at D:\\DEV\\projek-api\\fish\\node_modules\\mongoose\\lib\\schematype.js:1368:9\n' +
    '    at process.processTicksAndRejections (node:internal/process/task_queues:77:11)'
}
{
  date: '07-09-2023 11:28',
  module: 'Server',
  level: 'error',
  message: 'User already registered',
  stack: 'Error: User already registered\n' +
    '    at register (D:\\DEV\\projek-api\\fish\\app\\controller\\user.js:50:44)\n' +
    '    at process.processTicksAndRejections (node:internal/process/task_queues:95:5)'
}
{
  date: '07-09-2023 11:28',
  module: 'Server',
  level: 'error',
  message: 'token invalid',
  stack: 'Error: token invalid\n' +
    '    at verifyToken (D:\\DEV\\projek-api\\fish\\app\\passports\\jwt.js:24:44)\n' +
    '    at process.processTicksAndRejections (node:internal/process/task_queues:95:5)'
}
{
  date: '07-09-2023 11:28',
  module: 'Server',
  level: 'error',
  message: 'Invalide credentials',
  stack: 'Error: Invalide credentials\n' +
    '    at login (D:\\DEV\\projek-api\\fish\\app\\controller\\user.js:17:45)\n' +
    '    at process.processTicksAndRejections (node:internal/process/task_queues:95:5)'
}
{
  date: '07-09-2023 11:29',
  module: 'Server',
  level: 'error',
  message: 'token invalid',
  stack: 'Error: token invalid\n' +
    '    at verifyToken (D:\\DEV\\projek-api\\fish\\app\\passports\\jwt.js:24:44)\n' +
    '    at process.processTicksAndRejections (node:internal/process/task_queues:95:5)'
}
{
  date: '07-09-2023 11:29',
  module: 'Server',
  level: 'error',
  message: 'token invalid',
  stack: 'Error: token invalid\n' +
    '    at verifyToken (D:\\DEV\\projek-api\\fish\\app\\passports\\jwt.js:24:44)\n' +
    '    at process.processTicksAndRejections (node:internal/process/task_queues:95:5)'
}
{
  date: '07-09-2023 11:29',
  module: 'Server',
  level: 'error',
  message: 'token invalid',
  stack: 'Error: token invalid\n' +
    '    at verifyToken (D:\\DEV\\projek-api\\fish\\app\\passports\\jwt.js:24:44)\n' +
    '    at process.processTicksAndRejections (node:internal/process/task_queues:95:5)'
}
{
  date: '07-09-2023 11:29',
  module: 'Server',
  level: 'error',
  message: 'Invalide credentials',
  stack: 'Error: Invalide credentials\n' +
    '    at login (D:\\DEV\\projek-api\\fish\\app\\controller\\user.js:17:45)\n' +
    '    at process.processTicksAndRejections (node:internal/process/task_queues:95:5)'
}
{
  date: '07-09-2023 11:29',
  module: 'Server',
  level: 'error',
  message: 'user id not found',
  stack: 'Error: user id not found\n' +
    '    at Update (D:\\DEV\\projek-api\\fish\\app\\controller\\user.js:106:42)\n' +
    '    at process.processTicksAndRejections (node:internal/process/task_queues:95:5)'
}
{
  date: '07-09-2023 11:30',
  module: 'Server',
  level: 'error',
  message: 'token invalid',
  stack: 'Error: token invalid\n' +
    '    at verifyToken (D:\\DEV\\projek-api\\fish\\app\\passports\\jwt.js:24:44)\n' +
    '    at process.processTicksAndRejections (node:internal/process/task_queues:95:5)'
}
{
  date: '07-09-2023 11:30',
  module: 'Server',
  level: 'error',
  message: 'token invalid',
  stack: 'Error: token invalid\n' +
    '    at verifyToken (D:\\DEV\\projek-api\\fish\\app\\passports\\jwt.js:24:44)\n' +
    '    at process.processTicksAndRejections (node:internal/process/task_queues:95:5)'
}
{
  date: '07-09-2023 11:30',
  module: 'Server',
  level: 'error',
  message: 'token invalid',
  stack: 'Error: token invalid\n' +
    '    at verifyToken (D:\\DEV\\projek-api\\fish\\app\\passports\\jwt.js:24:44)\n' +
    '    at process.processTicksAndRejections (node:internal/process/task_queues:95:5)'
}
{
  date: '07-09-2023 11:30',
  module: 'Server',
  level: 'error',
  message: 'Username already exist',
  stack: 'Error: Username already exist\n' +
    '    at Update (D:\\DEV\\projek-api\\fish\\app\\controller\\user.js:112:44)\n' +
    '    at process.processTicksAndRejections (node:internal/process/task_queues:95:5)'
}
{
  date: '07-09-2023 11:30',
  module: 'Server',
  level: 'error',
  message: 'Unexpected token } in JSON at position 79',
  stack: 'SyntaxError: Unexpected token } in JSON at position 79\n' +
    '    at JSON.parse (<anonymous>)\n' +
    '    at parse (D:\\DEV\\projek-api\\fish\\node_modules\\body-parser\\lib\\types\\json.js:89:19)\n' +
    '    at D:\\DEV\\projek-api\\fish\\node_modules\\body-parser\\lib\\read.js:121:18\n' +
    '    at invokeCallback (D:\\DEV\\projek-api\\fish\\node_modules\\raw-body\\index.js:224:16)\n' +
    '    at done (D:\\DEV\\projek-api\\fish\\node_modules\\raw-body\\index.js:213:7)\n' +
    '    at IncomingMessage.onEnd (D:\\DEV\\projek-api\\fish\\node_modules\\raw-body\\index.js:273:7)\n' +
    '    at IncomingMessage.emit (node:events:513:28)\n' +
    '    at endReadableNT (node:internal/streams/readable:1359:12)\n' +
    '    at process.processTicksAndRejections (node:internal/process/task_queues:82:21)'
}
{
  date: '07-09-2023 11:31',
  module: 'Server',
  level: 'error',
  message: 'Invalide credentials',
  stack: 'Error: Invalide credentials\n' +
    '    at login (D:\\DEV\\projek-api\\fish\\app\\controller\\user.js:17:45)\n' +
    '    at process.processTicksAndRejections (node:internal/process/task_queues:95:5)'
}
{
  date: '15-09-2023 15:15',
  module: 'Server',
  level: 'error',
  message: "Cannot destructure property 'username' of 'req.body' as it is undefined.",
  stack: "TypeError: Cannot destructure property 'username' of 'req.body' as it is undefined.\n" +
    '    at login (D:\\DEV\\projek-api\\fish\\app\\controller\\user.js:8:17)\n' +
    '    at Layer.handle [as handle_request] (D:\\DEV\\projek-api\\fish\\node_modules\\express\\lib\\router\\layer.js:95:5)\n' +
    '    at next (D:\\DEV\\projek-api\\fish\\node_modules\\express\\lib\\router\\route.js:137:13)\n' +
    '    at Route.dispatch (D:\\DEV\\projek-api\\fish\\node_modules\\express\\lib\\router\\route.js:112:3)\n' +
    '    at Layer.handle [as handle_request] (D:\\DEV\\projek-api\\fish\\node_modules\\express\\lib\\router\\layer.js:95:5)\n' +
    '    at D:\\DEV\\projek-api\\fish\\node_modules\\express\\lib\\router\\index.js:281:22\n' +
    '    at Function.process_params (D:\\DEV\\projek-api\\fish\\node_modules\\express\\lib\\router\\index.js:335:12)\n' +
    '    at next (D:\\DEV\\projek-api\\fish\\node_modules\\express\\lib\\router\\index.js:275:10)\n' +
    '    at Function.handle (D:\\DEV\\projek-api\\fish\\node_modules\\express\\lib\\router\\index.js:174:3)\n' +
    '    at router (D:\\DEV\\projek-api\\fish\\node_modules\\express\\lib\\router\\index.js:47:12)'
}
{
  date: '15-09-2023 15:23',
  module: 'Server',
  level: 'error',
  message: 'forbidden',
  stack: 'Error: forbidden\n' +
    '    at verifyToken (D:\\DEV\\projek-api\\fish\\app\\passports\\jwt.js:11:42)\n' +
    '    at Layer.handle [as handle_request] (D:\\DEV\\projek-api\\fish\\node_modules\\express\\lib\\router\\layer.js:95:5)\n' +
    '    at trim_prefix (D:\\DEV\\projek-api\\fish\\node_modules\\express\\lib\\router\\index.js:317:13)\n' +
    '    at D:\\DEV\\projek-api\\fish\\node_modules\\express\\lib\\router\\index.js:284:7\n' +
    '    at Function.process_params (D:\\DEV\\projek-api\\fish\\node_modules\\express\\lib\\router\\index.js:335:12)\n' +
    '    at next (D:\\DEV\\projek-api\\fish\\node_modules\\express\\lib\\router\\index.js:275:10)\n' +
    '    at Function.handle (D:\\DEV\\projek-api\\fish\\node_modules\\express\\lib\\router\\index.js:174:3)\n' +
    '    at router (D:\\DEV\\projek-api\\fish\\node_modules\\express\\lib\\router\\index.js:47:12)\n' +
    '    at Layer.handle [as handle_request] (D:\\DEV\\projek-api\\fish\\node_modules\\express\\lib\\router\\layer.js:95:5)\n' +
    '    at trim_prefix (D:\\DEV\\projek-api\\fish\\node_modules\\express\\lib\\router\\index.js:317:13)'
}
{
  date: '15-09-2023 15:23',
  module: 'Server',
  level: 'error',
  message: "Cannot destructure property 'username' of 'req.body' as it is undefined.",
  stack: "TypeError: Cannot destructure property 'username' of 'req.body' as it is undefined.\n" +
    '    at login (D:\\DEV\\projek-api\\fish\\app\\controller\\user.js:8:17)\n' +
    '    at Layer.handle [as handle_request] (D:\\DEV\\projek-api\\fish\\node_modules\\express\\lib\\router\\layer.js:95:5)\n' +
    '    at next (D:\\DEV\\projek-api\\fish\\node_modules\\express\\lib\\router\\route.js:137:13)\n' +
    '    at Route.dispatch (D:\\DEV\\projek-api\\fish\\node_modules\\express\\lib\\router\\route.js:112:3)\n' +
    '    at Layer.handle [as handle_request] (D:\\DEV\\projek-api\\fish\\node_modules\\express\\lib\\router\\layer.js:95:5)\n' +
    '    at D:\\DEV\\projek-api\\fish\\node_modules\\express\\lib\\router\\index.js:281:22\n' +
    '    at Function.process_params (D:\\DEV\\projek-api\\fish\\node_modules\\express\\lib\\router\\index.js:335:12)\n' +
    '    at next (D:\\DEV\\projek-api\\fish\\node_modules\\express\\lib\\router\\index.js:275:10)\n' +
    '    at Function.handle (D:\\DEV\\projek-api\\fish\\node_modules\\express\\lib\\router\\index.js:174:3)\n' +
    '    at router (D:\\DEV\\projek-api\\fish\\node_modules\\express\\lib\\router\\index.js:47:12)'
}
{
  date: '15-09-2023 15:24',
  module: 'Server',
  level: 'error',
  message: "Cannot destructure property 'username' of 'req.body' as it is undefined.",
  stack: "TypeError: Cannot destructure property 'username' of 'req.body' as it is undefined.\n" +
    '    at login (D:\\DEV\\projek-api\\fish\\app\\controller\\user.js:8:17)\n' +
    '    at Layer.handle [as handle_request] (D:\\DEV\\projek-api\\fish\\node_modules\\express\\lib\\router\\layer.js:95:5)\n' +
    '    at next (D:\\DEV\\projek-api\\fish\\node_modules\\express\\lib\\router\\route.js:137:13)\n' +
    '    at Route.dispatch (D:\\DEV\\projek-api\\fish\\node_modules\\express\\lib\\router\\route.js:112:3)\n' +
    '    at Layer.handle [as handle_request] (D:\\DEV\\projek-api\\fish\\node_modules\\express\\lib\\router\\layer.js:95:5)\n' +
    '    at D:\\DEV\\projek-api\\fish\\node_modules\\express\\lib\\router\\index.js:281:22\n' +
    '    at Function.process_params (D:\\DEV\\projek-api\\fish\\node_modules\\express\\lib\\router\\index.js:335:12)\n' +
    '    at next (D:\\DEV\\projek-api\\fish\\node_modules\\express\\lib\\router\\index.js:275:10)\n' +
    '    at Function.handle (D:\\DEV\\projek-api\\fish\\node_modules\\express\\lib\\router\\index.js:174:3)\n' +
    '    at router (D:\\DEV\\projek-api\\fish\\node_modules\\express\\lib\\router\\index.js:47:12)'
}
{
  date: '15-09-2023 15:25',
  module: 'Server',
  level: 'error',
  message: "Cannot destructure property 'username' of 'req.body' as it is undefined.",
  stack: "TypeError: Cannot destructure property 'username' of 'req.body' as it is undefined.\n" +
    '    at login (D:\\DEV\\projek-api\\fish\\app\\controller\\user.js:8:17)\n' +
    '    at Layer.handle [as handle_request] (D:\\DEV\\projek-api\\fish\\node_modules\\express\\lib\\router\\layer.js:95:5)\n' +
    '    at next (D:\\DEV\\projek-api\\fish\\node_modules\\express\\lib\\router\\route.js:137:13)\n' +
    '    at Route.dispatch (D:\\DEV\\projek-api\\fish\\node_modules\\express\\lib\\router\\route.js:112:3)\n' +
    '    at Layer.handle [as handle_request] (D:\\DEV\\projek-api\\fish\\node_modules\\express\\lib\\router\\layer.js:95:5)\n' +
    '    at D:\\DEV\\projek-api\\fish\\node_modules\\express\\lib\\router\\index.js:281:22\n' +
    '    at Function.process_params (D:\\DEV\\projek-api\\fish\\node_modules\\express\\lib\\router\\index.js:335:12)\n' +
    '    at next (D:\\DEV\\projek-api\\fish\\node_modules\\express\\lib\\router\\index.js:275:10)\n' +
    '    at Function.handle (D:\\DEV\\projek-api\\fish\\node_modules\\express\\lib\\router\\index.js:174:3)\n' +
    '    at router (D:\\DEV\\projek-api\\fish\\node_modules\\express\\lib\\router\\index.js:47:12)'
}
{
  date: '15-09-2023 15:27',
  module: 'Server',
  level: 'error',
  message: "Cannot destructure property 'name' of 'req.body' as it is undefined.",
  stack: "TypeError: Cannot destructure property 'name' of 'req.body' as it is undefined.\n" +
    '    at register (D:\\DEV\\projek-api\\fish\\app\\controller\\user.js:45:17)\n' +
    '    at Layer.handle [as handle_request] (D:\\DEV\\projek-api\\fish\\node_modules\\express\\lib\\router\\layer.js:95:5)\n' +
    '    at next (D:\\DEV\\projek-api\\fish\\node_modules\\express\\lib\\router\\route.js:137:13)\n' +
    '    at Route.dispatch (D:\\DEV\\projek-api\\fish\\node_modules\\express\\lib\\router\\route.js:112:3)\n' +
    '    at Layer.handle [as handle_request] (D:\\DEV\\projek-api\\fish\\node_modules\\express\\lib\\router\\layer.js:95:5)\n' +
    '    at D:\\DEV\\projek-api\\fish\\node_modules\\express\\lib\\router\\index.js:281:22\n' +
    '    at Function.process_params (D:\\DEV\\projek-api\\fish\\node_modules\\express\\lib\\router\\index.js:335:12)\n' +
    '    at next (D:\\DEV\\projek-api\\fish\\node_modules\\express\\lib\\router\\index.js:275:10)\n' +
    '    at Function.handle (D:\\DEV\\projek-api\\fish\\node_modules\\express\\lib\\router\\index.js:174:3)\n' +
    '    at router (D:\\DEV\\projek-api\\fish\\node_modules\\express\\lib\\router\\index.js:47:12)'
}
{
  date: '15-09-2023 15:28',
  module: 'Server',
  level: 'error',
  message: "Cannot destructure property 'name' of 'req.body' as it is undefined.",
  stack: "TypeError: Cannot destructure property 'name' of 'req.body' as it is undefined.\n" +
    '    at register (D:\\DEV\\projek-api\\fish\\app\\controller\\user.js:45:17)\n' +
    '    at Layer.handle [as handle_request] (D:\\DEV\\projek-api\\fish\\node_modules\\express\\lib\\router\\layer.js:95:5)\n' +
    '    at next (D:\\DEV\\projek-api\\fish\\node_modules\\express\\lib\\router\\route.js:137:13)\n' +
    '    at Route.dispatch (D:\\DEV\\projek-api\\fish\\node_modules\\express\\lib\\router\\route.js:112:3)\n' +
    '    at Layer.handle [as handle_request] (D:\\DEV\\projek-api\\fish\\node_modules\\express\\lib\\router\\layer.js:95:5)\n' +
    '    at D:\\DEV\\projek-api\\fish\\node_modules\\express\\lib\\router\\index.js:281:22\n' +
    '    at Function.process_params (D:\\DEV\\projek-api\\fish\\node_modules\\express\\lib\\router\\index.js:335:12)\n' +
    '    at next (D:\\DEV\\projek-api\\fish\\node_modules\\express\\lib\\router\\index.js:275:10)\n' +
    '    at Function.handle (D:\\DEV\\projek-api\\fish\\node_modules\\express\\lib\\router\\index.js:174:3)\n' +
    '    at router (D:\\DEV\\projek-api\\fish\\node_modules\\express\\lib\\router\\index.js:47:12)'
}
{
  date: '15-09-2023 15:31',
  module: 'Server',
  level: 'error',
  message: "Cannot destructure property 'username' of 'req.body' as it is undefined.",
  stack: "TypeError: Cannot destructure property 'username' of 'req.body' as it is undefined.\n" +
    '    at login (D:\\DEV\\projek-api\\fish\\app\\controller\\user.js:8:17)\n' +
    '    at Layer.handle [as handle_request] (D:\\DEV\\projek-api\\fish\\node_modules\\express\\lib\\router\\layer.js:95:5)\n' +
    '    at next (D:\\DEV\\projek-api\\fish\\node_modules\\express\\lib\\router\\route.js:137:13)\n' +
    '    at Route.dispatch (D:\\DEV\\projek-api\\fish\\node_modules\\express\\lib\\router\\route.js:112:3)\n' +
    '    at Layer.handle [as handle_request] (D:\\DEV\\projek-api\\fish\\node_modules\\express\\lib\\router\\layer.js:95:5)\n' +
    '    at D:\\DEV\\projek-api\\fish\\node_modules\\express\\lib\\router\\index.js:281:22\n' +
    '    at Function.process_params (D:\\DEV\\projek-api\\fish\\node_modules\\express\\lib\\router\\index.js:335:12)\n' +
    '    at next (D:\\DEV\\projek-api\\fish\\node_modules\\express\\lib\\router\\index.js:275:10)\n' +
    '    at Function.handle (D:\\DEV\\projek-api\\fish\\node_modules\\express\\lib\\router\\index.js:174:3)\n' +
    '    at router (D:\\DEV\\projek-api\\fish\\node_modules\\express\\lib\\router\\index.js:47:12)'
}
{
  date: '15-09-2023 15:35',
  module: 'Server',
  level: 'error',
  message: "Cannot destructure property 'username' of 'req.body' as it is undefined.",
  stack: "TypeError: Cannot destructure property 'username' of 'req.body' as it is undefined.\n" +
    '    at login (D:\\DEV\\projek-api\\fish\\app\\controller\\user.js:8:17)\n' +
    '    at Layer.handle [as handle_request] (D:\\DEV\\projek-api\\fish\\node_modules\\express\\lib\\router\\layer.js:95:5)\n' +
    '    at next (D:\\DEV\\projek-api\\fish\\node_modules\\express\\lib\\router\\route.js:137:13)\n' +
    '    at Route.dispatch (D:\\DEV\\projek-api\\fish\\node_modules\\express\\lib\\router\\route.js:112:3)\n' +
    '    at Layer.handle [as handle_request] (D:\\DEV\\projek-api\\fish\\node_modules\\express\\lib\\router\\layer.js:95:5)\n' +
    '    at D:\\DEV\\projek-api\\fish\\node_modules\\express\\lib\\router\\index.js:281:22\n' +
    '    at Function.process_params (D:\\DEV\\projek-api\\fish\\node_modules\\express\\lib\\router\\index.js:335:12)\n' +
    '    at next (D:\\DEV\\projek-api\\fish\\node_modules\\express\\lib\\router\\index.js:275:10)\n' +
    '    at Function.handle (D:\\DEV\\projek-api\\fish\\node_modules\\express\\lib\\router\\index.js:174:3)\n' +
    '    at router (D:\\DEV\\projek-api\\fish\\node_modules\\express\\lib\\router\\index.js:47:12)'
}
{
  date: '15-09-2023 15:35',
  module: 'Server',
  level: 'error',
  message: "Cannot destructure property 'username' of 'req.body' as it is undefined.",
  stack: "TypeError: Cannot destructure property 'username' of 'req.body' as it is undefined.\n" +
    '    at login (D:\\DEV\\projek-api\\fish\\app\\controller\\user.js:8:17)\n' +
    '    at Layer.handle [as handle_request] (D:\\DEV\\projek-api\\fish\\node_modules\\express\\lib\\router\\layer.js:95:5)\n' +
    '    at next (D:\\DEV\\projek-api\\fish\\node_modules\\express\\lib\\router\\route.js:137:13)\n' +
    '    at Route.dispatch (D:\\DEV\\projek-api\\fish\\node_modules\\express\\lib\\router\\route.js:112:3)\n' +
    '    at Layer.handle [as handle_request] (D:\\DEV\\projek-api\\fish\\node_modules\\express\\lib\\router\\layer.js:95:5)\n' +
    '    at D:\\DEV\\projek-api\\fish\\node_modules\\express\\lib\\router\\index.js:281:22\n' +
    '    at Function.process_params (D:\\DEV\\projek-api\\fish\\node_modules\\express\\lib\\router\\index.js:335:12)\n' +
    '    at next (D:\\DEV\\projek-api\\fish\\node_modules\\express\\lib\\router\\index.js:275:10)\n' +
    '    at Function.handle (D:\\DEV\\projek-api\\fish\\node_modules\\express\\lib\\router\\index.js:174:3)\n' +
    '    at router (D:\\DEV\\projek-api\\fish\\node_modules\\express\\lib\\router\\index.js:47:12)'
}
{
  date: '15-09-2023 15:37',
  module: 'Server',
  level: 'error',
  message: 'Invalide credentials',
  stack: 'Error: Invalide credentials\n' +
    '    at login (D:\\DEV\\projek-api\\fish\\app\\controller\\user.js:17:45)\n' +
    '    at process.processTicksAndRejections (node:internal/process/task_queues:95:5)'
}
{
  date: '18-09-2023 09:48',
  module: 'Server',
  level: 'error',
  message: 'User not found',
  stack: 'Error: User not found\n' +
    '    at Index (D:\\DEV\\projek-api\\fish\\app\\controller\\user.js:73:42)\n' +
    '    at process.processTicksAndRejections (node:internal/process/task_queues:95:5)'
}
{
  date: '18-09-2023 09:49',
  module: 'Server',
  level: 'error',
  message: 'User.delete is not a function',
  stack: 'TypeError: User.delete is not a function\n' +
    '    at Delete (D:\\DEV\\projek-api\\fish\\app\\controller\\user.js:143:26)\n' +
    '    at process.processTicksAndRejections (node:internal/process/task_queues:95:5)'
}
{
  date: '18-09-2023 09:49',
  module: 'Server',
  level: 'error',
  message: 'User.delete is not a function',
  stack: 'TypeError: User.delete is not a function\n' +
    '    at Delete (D:\\DEV\\projek-api\\fish\\app\\controller\\user.js:143:26)\n' +
    '    at process.processTicksAndRejections (node:internal/process/task_queues:95:5)'
}
{
  date: '18-09-2023 10:28',
  module: 'Server',
  level: 'error',
  message: 'user id not found',
  stack: 'Error: user id not found\n' +
    '    at Update (D:\\DEV\\projek-api\\fish\\app\\controller\\user.js:108:42)\n' +
    '    at process.processTicksAndRejections (node:internal/process/task_queues:95:5)'
}
{
  date: '18-09-2023 11:07',
  module: 'Server',
  level: 'error',
  message: 'User already registered',
  stack: 'Error: User already registered\n' +
    '    at register (D:\\DEV\\projek-api\\fish\\app\\controller\\user.js:50:44)\n' +
    '    at process.processTicksAndRejections (node:internal/process/task_queues:95:5)'
}
{
  date: '18-09-2023 12:31',
  module: 'Server',
  level: 'error',
  message: 'User already registered',
  stack: 'Error: User already registered\n' +
    '    at register (D:\\DEV\\projek-api\\fish\\app\\controller\\user.js:50:44)\n' +
    '    at process.processTicksAndRejections (node:internal/process/task_queues:95:5)'
}
